<?xml version="1.0" encoding="UTF-8"?>
<!-- Generated by org.testng.reporters.JUnitReportReporter -->
<testsuite skipped="0" hostname="jmrinhr2292" name="com.framework.TestRunner.TestRunner" tests="2" failures="0" timestamp="28 Jan 2020 11:04:01 GMT" time="37.593" errors="0">
  <testcase name="feature" time="20.092" classname="com.framework.TestRunner.TestRunner"/>
  <testcase name="feature" time="17.501" classname="com.framework.TestRunner.TestRunner"/>
</testsuite> <!-- com.framework.TestRunner.TestRunner -->
