<?xml version="1.0" encoding="UTF-8"?>
<!-- Generated by org.testng.reporters.JUnitReportReporter -->
<testsuite skipped="0" hostname="jmrinhr2292" name="com.framework.TestRunner.TestRunner" tests="2" failures="0" timestamp="28 Jan 2020 12:41:23 GMT" time="40.055" errors="0">
  <testcase name="feature" time="22.214" classname="com.framework.TestRunner.TestRunner"/>
  <testcase name="feature" time="17.841" classname="com.framework.TestRunner.TestRunner"/>
</testsuite> <!-- com.framework.TestRunner.TestRunner -->
